<?xml version="1.0" encoding="UTF-8"?>
<testsuite name="com.mygrdaleframework.tests.LibraryTest" tests="6" skipped="0" failures="0" errors="0" timestamp="2017-10-13T02:18:00" hostname="Karimuddins-MacBook-Air.local" time="0.208">
  <properties/>
  <testcase name="aTest" classname="com.mygrdaleframework.tests.LibraryTest" time="0.002"/>
  <testcase name="bTest" classname="com.mygrdaleframework.tests.LibraryTest" time="0.0"/>
  <testcase name="cTest" classname="com.mygrdaleframework.tests.LibraryTest" time="0.001"/>
  <testcase name="dTest" classname="com.mygrdaleframework.tests.LibraryTest" time="0.0"/>
  <testcase name="eTest" classname="com.mygrdaleframework.tests.LibraryTest" time="0.001"/>
  <testcase name="fTest" classname="com.mygrdaleframework.tests.LibraryTest" time="0.0"/>
  <system-out><![CDATA[0 [Test worker] DEBUG com.acc.test.rap.RAP  - > Preconfigure logging ; /cfg/rap/log4j.properties ...
0 [Test worker] DEBUG com.acc.test.rap.RAP  - > Preconfigure logging ; /cfg/rap/log4j.properties ...
83 [Test worker] INFO com.acc.test.rap.RAP  - Oct 12, 2017 10:18:00 PM
83 [Test worker] INFO com.acc.test.rap.RAP  - Oct 12, 2017 10:18:00 PM
84 [Test worker] DEBUG com.acc.test.rap.RAP  - > init .....
84 [Test worker] DEBUG com.acc.test.rap.RAP  - > init .....
95 [Test worker] DEBUG com.acc.test.rap.RAP  - >Parsing arguments ...
95 [Test worker] DEBUG com.acc.test.rap.RAP  - >Parsing arguments ...
96 [Test worker] DEBUG com.acc.test.rap.ArgParser  - Parse arguments
96 [Test worker] DEBUG com.acc.test.rap.ArgParser  - Parse arguments
96 [Test worker] DEBUG com.acc.test.rap.ArgParser  - Extract arguments
96 [Test worker] DEBUG com.acc.test.rap.ArgParser  - Extract arguments
97 [Test worker] DEBUG com.acc.test.rap.RAP  - args are grabbed from environment
97 [Test worker] DEBUG com.acc.test.rap.RAP  - args are grabbed from environment
97 [Test worker] DEBUG com.acc.test.rap.RAP  - >Setup ......
97 [Test worker] DEBUG com.acc.test.rap.RAP  - >Setup ......
98 [Test worker] DEBUG com.acc.test.rap.RAP  - mergorder[env, app]
98 [Test worker] DEBUG com.acc.test.rap.RAP  - mergorder[env, app]
98 [Test worker] INFO com.acc.test.rap.RAP  -  Selected enviornment: local
98 [Test worker] INFO com.acc.test.rap.RAP  -  Selected enviornment: local
98 [Test worker] INFO com.acc.test.rap.RAP  -    working  root dir: /Users/karimuddinmohammed/myautomationws/mygrdaleframework
98 [Test worker] INFO com.acc.test.rap.RAP  -    working  root dir: /Users/karimuddinmohammed/myautomationws/mygrdaleframework
98 [Test worker] DEBUG com.acc.test.rap.RAP  - > Merging :/cfg/rap/default.cfg
98 [Test worker] DEBUG com.acc.test.rap.RAP  - > Merging :/cfg/rap/default.cfg
Slurpit:"cfg_dir"		: "/cfg""env_dir"		: "${cfg_dir}/env""app_dir"		: "${cfg_dir}/app""meta_dir"		: "${cfg_dir}/meta""env_cfg"		: "${env_dir}/${env}/env.cfg""app_cfg"		: "${app_dir}/app.cfg""log4j_fname"	: "log4j.properties""log4j_cfg"		: "${env_dir}/${env}/${log4j_fname}""target_dir"	: "/target""data_dir"		: "/data""inbound_dir"	: "${target_dir}/inbound""outbound_dir"	: "${target_dir}/outbound""log_dir"		: "${target_dir}/log""screenshot_dir": "${target_dir}/surefire-reports/""use_browser": "chrome"            "use_hub":"""hub_wait_time" : 15"ping_wait_time" : 5"hubs": {        "hubmac": {            "ip": "192.168.2.76",            "port": 4444        }        "hubwin10": {            "ip": "192.168.2.77",            "port": 4444        }        "hubwin7": {            "ip": "192.168.2.45",            "port": 4444        }    }"jms_cfg": {        "mercuryapp": {            "dev": {                "host": "abc_dev1",                "port": 1234,                "transport": 1,                "queue_manager": "QM_MYQMD1",                "channel": "QM_MYQMD1.QCMYQC1"            		}             "pac": {                "host": "abc_dev1",                "port": 1234,                "transport": 1,                "queue_manager": "QM_MYQMD1",                "channel": "QM_MYQMD1.QCMYQC1"            		}                 		}                 		        "fbapp": {            "dev": {                "host": "abc_dev1",                "port": 1234,                "transport": 1,                "queue_manager": "QM_MYQMD1",                "channel": "QM_MYQMD1.QCMYQC1"            		}             "pac": {                "host": "abc_dev1",                "port": 1234,                "transport": 1,                "queue_manager": "QM_MYQMD1",                "channel": "QM_MYQMD1.QCMYQC1"            		}                 		}            		}
121 [Test worker] DEBUG com.acc.test.rap.RAP  - > Merging :/cfg/env/local/env.cfg
121 [Test worker] DEBUG com.acc.test.rap.RAP  - > Merging :/cfg/env/local/env.cfg
Slurpit:"use_browser":"chrome""use_hub":"""application_url" : "http://newtours.demoaut.com""username"			:	"mytestuser""password"			:   "Myautomation_2017" "Createreservation": {                "Default": {                    "origin": "IAD",                    "destination": "DXB",                    "passengers": "4",                                 }                "farhan": {                "DOB" : "02232003",                "age" : "14"                }                "sana": {                "DOB" : "06012006",                "age" : "10"                }                         }         "jms_cfg": {        "mercuryapp": {            "devjms": {                "host": "abc_dev1",                "port": 1234,                "transport": 1,                "queue_manager": "QM_MYQMD1",                "channel": "QM_MYQMD1.QCMYQC1"            		}             "pacjms": {                "host": "abc_dev1",                "port": 1234,                "transport": 1,                "queue_manager": "QM_MYQMD1",                "channel": "QM_MYQMD1.QCMYQC1"            		}                 		}                 		        "fbapp": {            "dev": {                "host": "abc_dev1",                "port": 1234,                "transport": 1,                "queue_manager": "QM_MYQMD1",                "channel": "QM_MYQMD1.QCMYQC1"            		}             "pac": {                "host": "abc_dev1",                "port": 1234,                "transport": 1,                "queue_manager": "QM_MYQMD1",                "channel": "QM_MYQMD1.QCMYQC1"            		}                 		}            		}            		"db_desc" : {  "win"  :  {  				"mercurydb2" : { "user" : "kmohd", "pass" : "abcd123456",   				"driver" : "com.ibm.db2.jcc.DB2Driver", "url" : "jdbc:db2//tomahawk.can.fds.qualityinfosys.com:30000/mcwdb1"}  				"mercuryorcl" : { "user" : "kmohd", "pass" : "abcd123456",   				"driver" : "oracle.jdbc.driver.OracleDriver", "url" : "jdbc:oracle:thin@tomahawk.can.fds.qualityinfosys.com:1521/orcldb1"}            }  "unix"  :  {  				"mercurydb2" : { "dbtype" :"db2", "user" : "kmohd", "pass" : "abcd123456",   				"driver" : "com.ibm.db2.jcc.DB2Driver", "url" : "jdbc:db2//tomahawk.can.fds.qualityinfosys.com:30000/mcwdb1"}  				"mercuryorcl" : { "user" : "kmohd", "pass" : "abcd123456",   				"driver" : "oracle.jdbc.driver.OracleDriver", "url" : "jdbc:oracle:thin@tomahawk.can.fds.qualityinfosys.com:1521/orcldb1"}            }}
130 [Test worker] DEBUG com.acc.test.rap.RAP  - > Merging :/cfg/app/app.cfg
130 [Test worker] DEBUG com.acc.test.rap.RAP  - > Merging :/cfg/app/app.cfg
Slurpit:"use_browser":"chrome""use_hub":"""application_url" : "http://newtours.demoaut.com""username"			:	"mytestuser""password"			:   "Myautomation_2017" "Createreservation": {                "Default": {                    "origin": "IAD",                    "destination": "DXB",                    "passengers": "4",                                 }                "farhan": {                "DOB" : "02232003",                "age" : "14"                }                "sana": {                "DOB" : "06012006",                "age" : "10"                }                         }         "jms_cfg": {        "mercuryapp": {            "devjms": {                "host": "abc_dev1",                "port": 1234,                "transport": 1,                "queue_manager": "QM_MYQMD1",                "channel": "QM_MYQMD1.QCMYQC1"            		}             "pacjms": {                "host": "abc_dev1",                "port": 1234,                "transport": 1,                "queue_manager": "QM_MYQMD1",                "channel": "QM_MYQMD1.QCMYQC1"            		}                 		}                 		        "fbapp": {            "dev": {                "host": "abc_dev1",                "port": 1234,                "transport": 1,                "queue_manager": "QM_MYQMD1",                "channel": "QM_MYQMD1.QCMYQC1"            		}             "pac": {                "host": "abc_dev1",                "port": 1234,                "transport": 1,                "queue_manager": "QM_MYQMD1",                "channel": "QM_MYQMD1.QCMYQC1"            		}                 		}            		}            		"db_desc" : {  "win"  :  {  				"mercurydb2" : { "user" : "kmohd", "pass" : "abcd123456",   				"driver" : "com.ibm.db2.jcc.DB2Driver", "url" : "jdbc:db2//tomahawk.can.fds.qualityinfosys.com:30000/mcwdb1"}  				"mercuryorcl" : { "user" : "kmohd", "pass" : "abcd123456",   				"driver" : "oracle.jdbc.driver.OracleDriver", "url" : "jdbc:oracle:thin@tomahawk.can.fds.qualityinfosys.com:1521/orcldb1"}            }  "unix"  :  {  				"mercurydb2" : { "dbtype" :"db2", "user" : "kmohd", "pass" : "abcd123456",   				"driver" : "com.ibm.db2.jcc.DB2Driver", "url" : "jdbc:db2//tomahawk.can.fds.qualityinfosys.com:30000/mcwdb1"}  				"mercuryorcl" : { "user" : "kmohd", "pass" : "abcd123456",   				"driver" : "oracle.jdbc.driver.OracleDriver", "url" : "jdbc:oracle:thin@tomahawk.can.fds.qualityinfosys.com:1521/orcldb1"}            }}
139 [Test worker] DEBUG com.acc.test.rap.RAP  -  > no meta configs selected.
139 [Test worker] DEBUG com.acc.test.rap.RAP  -  > no meta configs selected.
139 [Test worker] DEBUG com.acc.test.rap.RAP  -  > Will try to reconfigure with : /cfg/env/local/log4j.properties
139 [Test worker] DEBUG com.acc.test.rap.RAP  -  > Will try to reconfigure with : /cfg/env/local/log4j.properties
22:18:00.353 (RAP.java:277) * No log4j configuration specified !!!
22:18:00.362 (RAP.java:111) > Preconfigure logging ; /cfg/rap/log4j.properties ...
157 [Test worker] DEBUG com.acc.test.rap.RAP  - > Preconfigure logging ; /cfg/rap/log4j.properties ...
22:18:00.367 (RAP.java:116) Oct 12, 2017 10:18:00 PM
162 [Test worker] INFO com.acc.test.rap.RAP  - Oct 12, 2017 10:18:00 PM
22:18:00.368 (RAP.java:117) > init .....
163 [Test worker] DEBUG com.acc.test.rap.RAP  - > init .....
22:18:00.373 (RAP.java:120) >Parsing arguments ...
168 [Test worker] DEBUG com.acc.test.rap.RAP  - >Parsing arguments ...
22:18:00.375 (ArgParser.java:43) Parse arguments
170 [Test worker] DEBUG com.acc.test.rap.ArgParser  - Parse arguments
22:18:00.376 (ArgParser.java:48) Extract arguments
171 [Test worker] DEBUG com.acc.test.rap.ArgParser  - Extract arguments
22:18:00.377 (RAP.java:123) args are grabbed from environment
172 [Test worker] DEBUG com.acc.test.rap.RAP  - args are grabbed from environment
22:18:00.378 (RAP.java:324) >Setup ......
173 [Test worker] DEBUG com.acc.test.rap.RAP  - >Setup ......
22:18:00.379 (RAP.java:142) mergorder[env, app]
174 [Test worker] DEBUG com.acc.test.rap.RAP  - mergorder[env, app]
22:18:00.379 (RAP.java:153)  Selected enviornment: local
174 [Test worker] INFO com.acc.test.rap.RAP  -  Selected enviornment: local
22:18:00.380 (RAP.java:162)    working  root dir: /Users/karimuddinmohammed/myautomationws/mygrdaleframework
175 [Test worker] INFO com.acc.test.rap.RAP  -    working  root dir: /Users/karimuddinmohammed/myautomationws/mygrdaleframework
22:18:00.381 (RAP.java:296) > Merging :/cfg/rap/default.cfg
176 [Test worker] DEBUG com.acc.test.rap.RAP  - > Merging :/cfg/rap/default.cfg
Slurpit:"cfg_dir"		: "/cfg""env_dir"		: "${cfg_dir}/env""app_dir"		: "${cfg_dir}/app""meta_dir"		: "${cfg_dir}/meta""env_cfg"		: "${env_dir}/${env}/env.cfg""app_cfg"		: "${app_dir}/app.cfg""log4j_fname"	: "log4j.properties""log4j_cfg"		: "${env_dir}/${env}/${log4j_fname}""target_dir"	: "/target""data_dir"		: "/data""inbound_dir"	: "${target_dir}/inbound""outbound_dir"	: "${target_dir}/outbound""log_dir"		: "${target_dir}/log""screenshot_dir": "${target_dir}/surefire-reports/""use_browser": "chrome"            "use_hub":"""hub_wait_time" : 15"ping_wait_time" : 5"hubs": {        "hubmac": {            "ip": "192.168.2.76",            "port": 4444        }        "hubwin10": {            "ip": "192.168.2.77",            "port": 4444        }        "hubwin7": {            "ip": "192.168.2.45",            "port": 4444        }    }"jms_cfg": {        "mercuryapp": {            "dev": {                "host": "abc_dev1",                "port": 1234,                "transport": 1,                "queue_manager": "QM_MYQMD1",                "channel": "QM_MYQMD1.QCMYQC1"            		}             "pac": {                "host": "abc_dev1",                "port": 1234,                "transport": 1,                "queue_manager": "QM_MYQMD1",                "channel": "QM_MYQMD1.QCMYQC1"            		}                 		}                 		        "fbapp": {            "dev": {                "host": "abc_dev1",                "port": 1234,                "transport": 1,                "queue_manager": "QM_MYQMD1",                "channel": "QM_MYQMD1.QCMYQC1"            		}             "pac": {                "host": "abc_dev1",                "port": 1234,                "transport": 1,                "queue_manager": "QM_MYQMD1",                "channel": "QM_MYQMD1.QCMYQC1"            		}                 		}            		}
22:18:00.388 (RAP.java:296) > Merging :/cfg/env/local/env.cfg
183 [Test worker] DEBUG com.acc.test.rap.RAP  - > Merging :/cfg/env/local/env.cfg
Slurpit:"use_browser":"chrome""use_hub":"""application_url" : "http://newtours.demoaut.com""username"			:	"mytestuser""password"			:   "Myautomation_2017" "Createreservation": {                "Default": {                    "origin": "IAD",                    "destination": "DXB",                    "passengers": "4",                                 }                "farhan": {                "DOB" : "02232003",                "age" : "14"                }                "sana": {                "DOB" : "06012006",                "age" : "10"                }                         }         "jms_cfg": {        "mercuryapp": {            "devjms": {                "host": "abc_dev1",                "port": 1234,                "transport": 1,                "queue_manager": "QM_MYQMD1",                "channel": "QM_MYQMD1.QCMYQC1"            		}             "pacjms": {                "host": "abc_dev1",                "port": 1234,                "transport": 1,                "queue_manager": "QM_MYQMD1",                "channel": "QM_MYQMD1.QCMYQC1"            		}                 		}                 		        "fbapp": {            "dev": {                "host": "abc_dev1",                "port": 1234,                "transport": 1,                "queue_manager": "QM_MYQMD1",                "channel": "QM_MYQMD1.QCMYQC1"            		}             "pac": {                "host": "abc_dev1",                "port": 1234,                "transport": 1,                "queue_manager": "QM_MYQMD1",                "channel": "QM_MYQMD1.QCMYQC1"            		}                 		}            		}            		"db_desc" : {  "win"  :  {  				"mercurydb2" : { "user" : "kmohd", "pass" : "abcd123456",   				"driver" : "com.ibm.db2.jcc.DB2Driver", "url" : "jdbc:db2//tomahawk.can.fds.qualityinfosys.com:30000/mcwdb1"}  				"mercuryorcl" : { "user" : "kmohd", "pass" : "abcd123456",   				"driver" : "oracle.jdbc.driver.OracleDriver", "url" : "jdbc:oracle:thin@tomahawk.can.fds.qualityinfosys.com:1521/orcldb1"}            }  "unix"  :  {  				"mercurydb2" : { "dbtype" :"db2", "user" : "kmohd", "pass" : "abcd123456",   				"driver" : "com.ibm.db2.jcc.DB2Driver", "url" : "jdbc:db2//tomahawk.can.fds.qualityinfosys.com:30000/mcwdb1"}  				"mercuryorcl" : { "user" : "kmohd", "pass" : "abcd123456",   				"driver" : "oracle.jdbc.driver.OracleDriver", "url" : "jdbc:oracle:thin@tomahawk.can.fds.qualityinfosys.com:1521/orcldb1"}            }}
22:18:00.413 (RAP.java:296) > Merging :/cfg/app/app.cfg
208 [Test worker] DEBUG com.acc.test.rap.RAP  - > Merging :/cfg/app/app.cfg
Slurpit:"use_browser":"chrome""use_hub":"""application_url" : "http://newtours.demoaut.com""username"			:	"mytestuser""password"			:   "Myautomation_2017" "Createreservation": {                "Default": {                    "origin": "IAD",                    "destination": "DXB",                    "passengers": "4",                                 }                "farhan": {                "DOB" : "02232003",                "age" : "14"                }                "sana": {                "DOB" : "06012006",                "age" : "10"                }                         }         "jms_cfg": {        "mercuryapp": {            "devjms": {                "host": "abc_dev1",                "port": 1234,                "transport": 1,                "queue_manager": "QM_MYQMD1",                "channel": "QM_MYQMD1.QCMYQC1"            		}             "pacjms": {                "host": "abc_dev1",                "port": 1234,                "transport": 1,                "queue_manager": "QM_MYQMD1",                "channel": "QM_MYQMD1.QCMYQC1"            		}                 		}                 		        "fbapp": {            "dev": {                "host": "abc_dev1",                "port": 1234,                "transport": 1,                "queue_manager": "QM_MYQMD1",                "channel": "QM_MYQMD1.QCMYQC1"            		}             "pac": {                "host": "abc_dev1",                "port": 1234,                "transport": 1,                "queue_manager": "QM_MYQMD1",                "channel": "QM_MYQMD1.QCMYQC1"            		}                 		}            		}            		"db_desc" : {  "win"  :  {  				"mercurydb2" : { "user" : "kmohd", "pass" : "abcd123456",   				"driver" : "com.ibm.db2.jcc.DB2Driver", "url" : "jdbc:db2//tomahawk.can.fds.qualityinfosys.com:30000/mcwdb1"}  				"mercuryorcl" : { "user" : "kmohd", "pass" : "abcd123456",   				"driver" : "oracle.jdbc.driver.OracleDriver", "url" : "jdbc:oracle:thin@tomahawk.can.fds.qualityinfosys.com:1521/orcldb1"}            }  "unix"  :  {  				"mercurydb2" : { "dbtype" :"db2", "user" : "kmohd", "pass" : "abcd123456",   				"driver" : "com.ibm.db2.jcc.DB2Driver", "url" : "jdbc:db2//tomahawk.can.fds.qualityinfosys.com:30000/mcwdb1"}  				"mercuryorcl" : { "user" : "kmohd", "pass" : "abcd123456",   				"driver" : "oracle.jdbc.driver.OracleDriver", "url" : "jdbc:oracle:thin@tomahawk.can.fds.qualityinfosys.com:1521/orcldb1"}            }}
22:18:00.418 (RAP.java:312)  > no meta configs selected.
213 [Test worker] DEBUG com.acc.test.rap.RAP  -  > no meta configs selected.
22:18:00.420 (RAP.java:267)  > Will try to reconfigure with : /cfg/env/local/log4j.properties
215 [Test worker] DEBUG com.acc.test.rap.RAP  -  > Will try to reconfigure with : /cfg/env/local/log4j.properties
22:18:00.424 (RAP.java:277) * No log4j configuration specified !!!
22:18:00.426 (RAP.java:111) > Preconfigure logging ; /cfg/rap/log4j.properties ...
221 [Test worker] DEBUG com.acc.test.rap.RAP  - > Preconfigure logging ; /cfg/rap/log4j.properties ...
22:18:00.430 (RAP.java:116) Oct 12, 2017 10:18:00 PM
225 [Test worker] INFO com.acc.test.rap.RAP  - Oct 12, 2017 10:18:00 PM
22:18:00.433 (RAP.java:117) > init .....
228 [Test worker] DEBUG com.acc.test.rap.RAP  - > init .....
22:18:00.435 (RAP.java:120) >Parsing arguments ...
230 [Test worker] DEBUG com.acc.test.rap.RAP  - >Parsing arguments ...
22:18:00.436 (ArgParser.java:43) Parse arguments
231 [Test worker] DEBUG com.acc.test.rap.ArgParser  - Parse arguments
22:18:00.436 (ArgParser.java:48) Extract arguments
231 [Test worker] DEBUG com.acc.test.rap.ArgParser  - Extract arguments
22:18:00.437 (RAP.java:123) args are grabbed from environment
232 [Test worker] DEBUG com.acc.test.rap.RAP  - args are grabbed from environment
22:18:00.438 (RAP.java:324) >Setup ......
233 [Test worker] DEBUG com.acc.test.rap.RAP  - >Setup ......
22:18:00.439 (RAP.java:142) mergorder[env, app]
234 [Test worker] DEBUG com.acc.test.rap.RAP  - mergorder[env, app]
22:18:00.440 (RAP.java:153)  Selected enviornment: local
235 [Test worker] INFO com.acc.test.rap.RAP  -  Selected enviornment: local
22:18:00.442 (RAP.java:162)    working  root dir: /Users/karimuddinmohammed/myautomationws/mygrdaleframework
237 [Test worker] INFO com.acc.test.rap.RAP  -    working  root dir: /Users/karimuddinmohammed/myautomationws/mygrdaleframework
22:18:00.444 (RAP.java:296) > Merging :/cfg/rap/default.cfg
239 [Test worker] DEBUG com.acc.test.rap.RAP  - > Merging :/cfg/rap/default.cfg
Slurpit:"cfg_dir"		: "/cfg""env_dir"		: "${cfg_dir}/env""app_dir"		: "${cfg_dir}/app""meta_dir"		: "${cfg_dir}/meta""env_cfg"		: "${env_dir}/${env}/env.cfg""app_cfg"		: "${app_dir}/app.cfg""log4j_fname"	: "log4j.properties""log4j_cfg"		: "${env_dir}/${env}/${log4j_fname}""target_dir"	: "/target""data_dir"		: "/data""inbound_dir"	: "${target_dir}/inbound""outbound_dir"	: "${target_dir}/outbound""log_dir"		: "${target_dir}/log""screenshot_dir": "${target_dir}/surefire-reports/""use_browser": "chrome"            "use_hub":"""hub_wait_time" : 15"ping_wait_time" : 5"hubs": {        "hubmac": {            "ip": "192.168.2.76",            "port": 4444        }        "hubwin10": {            "ip": "192.168.2.77",            "port": 4444        }        "hubwin7": {            "ip": "192.168.2.45",            "port": 4444        }    }"jms_cfg": {        "mercuryapp": {            "dev": {                "host": "abc_dev1",                "port": 1234,                "transport": 1,                "queue_manager": "QM_MYQMD1",                "channel": "QM_MYQMD1.QCMYQC1"            		}             "pac": {                "host": "abc_dev1",                "port": 1234,                "transport": 1,                "queue_manager": "QM_MYQMD1",                "channel": "QM_MYQMD1.QCMYQC1"            		}                 		}                 		        "fbapp": {            "dev": {                "host": "abc_dev1",                "port": 1234,                "transport": 1,                "queue_manager": "QM_MYQMD1",                "channel": "QM_MYQMD1.QCMYQC1"            		}             "pac": {                "host": "abc_dev1",                "port": 1234,                "transport": 1,                "queue_manager": "QM_MYQMD1",                "channel": "QM_MYQMD1.QCMYQC1"            		}                 		}            		}
22:18:00.447 (RAP.java:296) > Merging :/cfg/env/local/env.cfg
242 [Test worker] DEBUG com.acc.test.rap.RAP  - > Merging :/cfg/env/local/env.cfg
Slurpit:"use_browser":"chrome""use_hub":"""application_url" : "http://newtours.demoaut.com""username"			:	"mytestuser""password"			:   "Myautomation_2017" "Createreservation": {                "Default": {                    "origin": "IAD",                    "destination": "DXB",                    "passengers": "4",                                 }                "farhan": {                "DOB" : "02232003",                "age" : "14"                }                "sana": {                "DOB" : "06012006",                "age" : "10"                }                         }         "jms_cfg": {        "mercuryapp": {            "devjms": {                "host": "abc_dev1",                "port": 1234,                "transport": 1,                "queue_manager": "QM_MYQMD1",                "channel": "QM_MYQMD1.QCMYQC1"            		}             "pacjms": {                "host": "abc_dev1",                "port": 1234,                "transport": 1,                "queue_manager": "QM_MYQMD1",                "channel": "QM_MYQMD1.QCMYQC1"            		}                 		}                 		        "fbapp": {            "dev": {                "host": "abc_dev1",                "port": 1234,                "transport": 1,                "queue_manager": "QM_MYQMD1",                "channel": "QM_MYQMD1.QCMYQC1"            		}             "pac": {                "host": "abc_dev1",                "port": 1234,                "transport": 1,                "queue_manager": "QM_MYQMD1",                "channel": "QM_MYQMD1.QCMYQC1"            		}                 		}            		}            		"db_desc" : {  "win"  :  {  				"mercurydb2" : { "user" : "kmohd", "pass" : "abcd123456",   				"driver" : "com.ibm.db2.jcc.DB2Driver", "url" : "jdbc:db2//tomahawk.can.fds.qualityinfosys.com:30000/mcwdb1"}  				"mercuryorcl" : { "user" : "kmohd", "pass" : "abcd123456",   				"driver" : "oracle.jdbc.driver.OracleDriver", "url" : "jdbc:oracle:thin@tomahawk.can.fds.qualityinfosys.com:1521/orcldb1"}            }  "unix"  :  {  				"mercurydb2" : { "dbtype" :"db2", "user" : "kmohd", "pass" : "abcd123456",   				"driver" : "com.ibm.db2.jcc.DB2Driver", "url" : "jdbc:db2//tomahawk.can.fds.qualityinfosys.com:30000/mcwdb1"}  				"mercuryorcl" : { "user" : "kmohd", "pass" : "abcd123456",   				"driver" : "oracle.jdbc.driver.OracleDriver", "url" : "jdbc:oracle:thin@tomahawk.can.fds.qualityinfosys.com:1521/orcldb1"}            }}
22:18:00.451 (RAP.java:296) > Merging :/cfg/app/app.cfg
246 [Test worker] DEBUG com.acc.test.rap.RAP  - > Merging :/cfg/app/app.cfg
Slurpit:"use_browser":"chrome""use_hub":"""application_url" : "http://newtours.demoaut.com""username"			:	"mytestuser""password"			:   "Myautomation_2017" "Createreservation": {                "Default": {                    "origin": "IAD",                    "destination": "DXB",                    "passengers": "4",                                 }                "farhan": {                "DOB" : "02232003",                "age" : "14"                }                "sana": {                "DOB" : "06012006",                "age" : "10"                }                         }         "jms_cfg": {        "mercuryapp": {            "devjms": {                "host": "abc_dev1",                "port": 1234,                "transport": 1,                "queue_manager": "QM_MYQMD1",                "channel": "QM_MYQMD1.QCMYQC1"            		}             "pacjms": {                "host": "abc_dev1",                "port": 1234,                "transport": 1,                "queue_manager": "QM_MYQMD1",                "channel": "QM_MYQMD1.QCMYQC1"            		}                 		}                 		        "fbapp": {            "dev": {                "host": "abc_dev1",                "port": 1234,                "transport": 1,                "queue_manager": "QM_MYQMD1",                "channel": "QM_MYQMD1.QCMYQC1"            		}             "pac": {                "host": "abc_dev1",                "port": 1234,                "transport": 1,                "queue_manager": "QM_MYQMD1",                "channel": "QM_MYQMD1.QCMYQC1"            		}                 		}            		}            		"db_desc" : {  "win"  :  {  				"mercurydb2" : { "user" : "kmohd", "pass" : "abcd123456",   				"driver" : "com.ibm.db2.jcc.DB2Driver", "url" : "jdbc:db2//tomahawk.can.fds.qualityinfosys.com:30000/mcwdb1"}  				"mercuryorcl" : { "user" : "kmohd", "pass" : "abcd123456",   				"driver" : "oracle.jdbc.driver.OracleDriver", "url" : "jdbc:oracle:thin@tomahawk.can.fds.qualityinfosys.com:1521/orcldb1"}            }  "unix"  :  {  				"mercurydb2" : { "dbtype" :"db2", "user" : "kmohd", "pass" : "abcd123456",   				"driver" : "com.ibm.db2.jcc.DB2Driver", "url" : "jdbc:db2//tomahawk.can.fds.qualityinfosys.com:30000/mcwdb1"}  				"mercuryorcl" : { "user" : "kmohd", "pass" : "abcd123456",   				"driver" : "oracle.jdbc.driver.OracleDriver", "url" : "jdbc:oracle:thin@tomahawk.can.fds.qualityinfosys.com:1521/orcldb1"}            }}
22:18:00.454 (RAP.java:312)  > no meta configs selected.
249 [Test worker] DEBUG com.acc.test.rap.RAP  -  > no meta configs selected.
22:18:00.455 (RAP.java:267)  > Will try to reconfigure with : /cfg/env/local/log4j.properties
250 [Test worker] DEBUG com.acc.test.rap.RAP  -  > Will try to reconfigure with : /cfg/env/local/log4j.properties
22:18:00.462 (RAP.java:277) * No log4j configuration specified !!!
22:18:00.465 (RAP.java:111) > Preconfigure logging ; /cfg/rap/log4j.properties ...
260 [Test worker] DEBUG com.acc.test.rap.RAP  - > Preconfigure logging ; /cfg/rap/log4j.properties ...
22:18:00.468 (RAP.java:116) Oct 12, 2017 10:18:00 PM
263 [Test worker] INFO com.acc.test.rap.RAP  - Oct 12, 2017 10:18:00 PM
22:18:00.468 (RAP.java:117) > init .....
263 [Test worker] DEBUG com.acc.test.rap.RAP  - > init .....
22:18:00.469 (RAP.java:120) >Parsing arguments ...
264 [Test worker] DEBUG com.acc.test.rap.RAP  - >Parsing arguments ...
22:18:00.469 (ArgParser.java:43) Parse arguments
264 [Test worker] DEBUG com.acc.test.rap.ArgParser  - Parse arguments
22:18:00.470 (ArgParser.java:48) Extract arguments
265 [Test worker] DEBUG com.acc.test.rap.ArgParser  - Extract arguments
22:18:00.472 (RAP.java:123) args are grabbed from environment
267 [Test worker] DEBUG com.acc.test.rap.RAP  - args are grabbed from environment
22:18:00.472 (RAP.java:324) >Setup ......
267 [Test worker] DEBUG com.acc.test.rap.RAP  - >Setup ......
22:18:00.473 (RAP.java:142) mergorder[env, app]
268 [Test worker] DEBUG com.acc.test.rap.RAP  - mergorder[env, app]
22:18:00.474 (RAP.java:153)  Selected enviornment: local
269 [Test worker] INFO com.acc.test.rap.RAP  -  Selected enviornment: local
22:18:00.475 (RAP.java:162)    working  root dir: /Users/karimuddinmohammed/myautomationws/mygrdaleframework
270 [Test worker] INFO com.acc.test.rap.RAP  -    working  root dir: /Users/karimuddinmohammed/myautomationws/mygrdaleframework
22:18:00.476 (RAP.java:296) > Merging :/cfg/rap/default.cfg
271 [Test worker] DEBUG com.acc.test.rap.RAP  - > Merging :/cfg/rap/default.cfg
Slurpit:"cfg_dir"		: "/cfg""env_dir"		: "${cfg_dir}/env""app_dir"		: "${cfg_dir}/app""meta_dir"		: "${cfg_dir}/meta""env_cfg"		: "${env_dir}/${env}/env.cfg""app_cfg"		: "${app_dir}/app.cfg""log4j_fname"	: "log4j.properties""log4j_cfg"		: "${env_dir}/${env}/${log4j_fname}""target_dir"	: "/target""data_dir"		: "/data""inbound_dir"	: "${target_dir}/inbound""outbound_dir"	: "${target_dir}/outbound""log_dir"		: "${target_dir}/log""screenshot_dir": "${target_dir}/surefire-reports/""use_browser": "chrome"            "use_hub":"""hub_wait_time" : 15"ping_wait_time" : 5"hubs": {        "hubmac": {            "ip": "192.168.2.76",            "port": 4444        }        "hubwin10": {            "ip": "192.168.2.77",            "port": 4444        }        "hubwin7": {            "ip": "192.168.2.45",            "port": 4444        }    }"jms_cfg": {        "mercuryapp": {            "dev": {                "host": "abc_dev1",                "port": 1234,                "transport": 1,                "queue_manager": "QM_MYQMD1",                "channel": "QM_MYQMD1.QCMYQC1"            		}             "pac": {                "host": "abc_dev1",                "port": 1234,                "transport": 1,                "queue_manager": "QM_MYQMD1",                "channel": "QM_MYQMD1.QCMYQC1"            		}                 		}                 		        "fbapp": {            "dev": {                "host": "abc_dev1",                "port": 1234,                "transport": 1,                "queue_manager": "QM_MYQMD1",                "channel": "QM_MYQMD1.QCMYQC1"            		}             "pac": {                "host": "abc_dev1",                "port": 1234,                "transport": 1,                "queue_manager": "QM_MYQMD1",                "channel": "QM_MYQMD1.QCMYQC1"            		}                 		}            		}
22:18:00.479 (RAP.java:296) > Merging :/cfg/env/local/env.cfg
274 [Test worker] DEBUG com.acc.test.rap.RAP  - > Merging :/cfg/env/local/env.cfg
Slurpit:"use_browser":"chrome""use_hub":"""application_url" : "http://newtours.demoaut.com""username"			:	"mytestuser""password"			:   "Myautomation_2017" "Createreservation": {                "Default": {                    "origin": "IAD",                    "destination": "DXB",                    "passengers": "4",                                 }                "farhan": {                "DOB" : "02232003",                "age" : "14"                }                "sana": {                "DOB" : "06012006",                "age" : "10"                }                         }         "jms_cfg": {        "mercuryapp": {            "devjms": {                "host": "abc_dev1",                "port": 1234,                "transport": 1,                "queue_manager": "QM_MYQMD1",                "channel": "QM_MYQMD1.QCMYQC1"            		}             "pacjms": {                "host": "abc_dev1",                "port": 1234,                "transport": 1,                "queue_manager": "QM_MYQMD1",                "channel": "QM_MYQMD1.QCMYQC1"            		}                 		}                 		        "fbapp": {            "dev": {                "host": "abc_dev1",                "port": 1234,                "transport": 1,                "queue_manager": "QM_MYQMD1",                "channel": "QM_MYQMD1.QCMYQC1"            		}             "pac": {                "host": "abc_dev1",                "port": 1234,                "transport": 1,                "queue_manager": "QM_MYQMD1",                "channel": "QM_MYQMD1.QCMYQC1"            		}                 		}            		}            		"db_desc" : {  "win"  :  {  				"mercurydb2" : { "user" : "kmohd", "pass" : "abcd123456",   				"driver" : "com.ibm.db2.jcc.DB2Driver", "url" : "jdbc:db2//tomahawk.can.fds.qualityinfosys.com:30000/mcwdb1"}  				"mercuryorcl" : { "user" : "kmohd", "pass" : "abcd123456",   				"driver" : "oracle.jdbc.driver.OracleDriver", "url" : "jdbc:oracle:thin@tomahawk.can.fds.qualityinfosys.com:1521/orcldb1"}            }  "unix"  :  {  				"mercurydb2" : { "dbtype" :"db2", "user" : "kmohd", "pass" : "abcd123456",   				"driver" : "com.ibm.db2.jcc.DB2Driver", "url" : "jdbc:db2//tomahawk.can.fds.qualityinfosys.com:30000/mcwdb1"}  				"mercuryorcl" : { "user" : "kmohd", "pass" : "abcd123456",   				"driver" : "oracle.jdbc.driver.OracleDriver", "url" : "jdbc:oracle:thin@tomahawk.can.fds.qualityinfosys.com:1521/orcldb1"}            }}
22:18:00.487 (RAP.java:296) > Merging :/cfg/app/app.cfg
282 [Test worker] DEBUG com.acc.test.rap.RAP  - > Merging :/cfg/app/app.cfg
Slurpit:"use_browser":"chrome""use_hub":"""application_url" : "http://newtours.demoaut.com""username"			:	"mytestuser""password"			:   "Myautomation_2017" "Createreservation": {                "Default": {                    "origin": "IAD",                    "destination": "DXB",                    "passengers": "4",                                 }                "farhan": {                "DOB" : "02232003",                "age" : "14"                }                "sana": {                "DOB" : "06012006",                "age" : "10"                }                         }         "jms_cfg": {        "mercuryapp": {            "devjms": {                "host": "abc_dev1",                "port": 1234,                "transport": 1,                "queue_manager": "QM_MYQMD1",                "channel": "QM_MYQMD1.QCMYQC1"            		}             "pacjms": {                "host": "abc_dev1",                "port": 1234,                "transport": 1,                "queue_manager": "QM_MYQMD1",                "channel": "QM_MYQMD1.QCMYQC1"            		}                 		}                 		        "fbapp": {            "dev": {                "host": "abc_dev1",                "port": 1234,                "transport": 1,                "queue_manager": "QM_MYQMD1",                "channel": "QM_MYQMD1.QCMYQC1"            		}             "pac": {                "host": "abc_dev1",                "port": 1234,                "transport": 1,                "queue_manager": "QM_MYQMD1",                "channel": "QM_MYQMD1.QCMYQC1"            		}                 		}            		}            		"db_desc" : {  "win"  :  {  				"mercurydb2" : { "user" : "kmohd", "pass" : "abcd123456",   				"driver" : "com.ibm.db2.jcc.DB2Driver", "url" : "jdbc:db2//tomahawk.can.fds.qualityinfosys.com:30000/mcwdb1"}  				"mercuryorcl" : { "user" : "kmohd", "pass" : "abcd123456",   				"driver" : "oracle.jdbc.driver.OracleDriver", "url" : "jdbc:oracle:thin@tomahawk.can.fds.qualityinfosys.com:1521/orcldb1"}            }  "unix"  :  {  				"mercurydb2" : { "dbtype" :"db2", "user" : "kmohd", "pass" : "abcd123456",   				"driver" : "com.ibm.db2.jcc.DB2Driver", "url" : "jdbc:db2//tomahawk.can.fds.qualityinfosys.com:30000/mcwdb1"}  				"mercuryorcl" : { "user" : "kmohd", "pass" : "abcd123456",   				"driver" : "oracle.jdbc.driver.OracleDriver", "url" : "jdbc:oracle:thin@tomahawk.can.fds.qualityinfosys.com:1521/orcldb1"}            }}
22:18:00.491 (RAP.java:312)  > no meta configs selected.
286 [Test worker] DEBUG com.acc.test.rap.RAP  -  > no meta configs selected.
22:18:00.492 (RAP.java:267)  > Will try to reconfigure with : /cfg/env/local/log4j.properties
287 [Test worker] DEBUG com.acc.test.rap.RAP  -  > Will try to reconfigure with : /cfg/env/local/log4j.properties
22:18:00.496 (RAP.java:277) * No log4j configuration specified !!!
22:18:00.498 (RAP.java:111) > Preconfigure logging ; /cfg/rap/log4j.properties ...
293 [Test worker] DEBUG com.acc.test.rap.RAP  - > Preconfigure logging ; /cfg/rap/log4j.properties ...
22:18:00.501 (RAP.java:116) Oct 12, 2017 10:18:00 PM
296 [Test worker] INFO com.acc.test.rap.RAP  - Oct 12, 2017 10:18:00 PM
22:18:00.501 (RAP.java:117) > init .....
296 [Test worker] DEBUG com.acc.test.rap.RAP  - > init .....
22:18:00.502 (RAP.java:120) >Parsing arguments ...
297 [Test worker] DEBUG com.acc.test.rap.RAP  - >Parsing arguments ...
22:18:00.503 (ArgParser.java:43) Parse arguments
298 [Test worker] DEBUG com.acc.test.rap.ArgParser  - Parse arguments
22:18:00.503 (ArgParser.java:48) Extract arguments
298 [Test worker] DEBUG com.acc.test.rap.ArgParser  - Extract arguments
22:18:00.504 (RAP.java:123) args are grabbed from environment
299 [Test worker] DEBUG com.acc.test.rap.RAP  - args are grabbed from environment
22:18:00.505 (RAP.java:324) >Setup ......
300 [Test worker] DEBUG com.acc.test.rap.RAP  - >Setup ......
22:18:00.507 (RAP.java:142) mergorder[env, app]
302 [Test worker] DEBUG com.acc.test.rap.RAP  - mergorder[env, app]
22:18:00.508 (RAP.java:153)  Selected enviornment: local
303 [Test worker] INFO com.acc.test.rap.RAP  -  Selected enviornment: local
22:18:00.509 (RAP.java:162)    working  root dir: /Users/karimuddinmohammed/myautomationws/mygrdaleframework
304 [Test worker] INFO com.acc.test.rap.RAP  -    working  root dir: /Users/karimuddinmohammed/myautomationws/mygrdaleframework
22:18:00.510 (RAP.java:296) > Merging :/cfg/rap/default.cfg
305 [Test worker] DEBUG com.acc.test.rap.RAP  - > Merging :/cfg/rap/default.cfg
Slurpit:"cfg_dir"		: "/cfg""env_dir"		: "${cfg_dir}/env""app_dir"		: "${cfg_dir}/app""meta_dir"		: "${cfg_dir}/meta""env_cfg"		: "${env_dir}/${env}/env.cfg""app_cfg"		: "${app_dir}/app.cfg""log4j_fname"	: "log4j.properties""log4j_cfg"		: "${env_dir}/${env}/${log4j_fname}""target_dir"	: "/target""data_dir"		: "/data""inbound_dir"	: "${target_dir}/inbound""outbound_dir"	: "${target_dir}/outbound""log_dir"		: "${target_dir}/log""screenshot_dir": "${target_dir}/surefire-reports/""use_browser": "chrome"            "use_hub":"""hub_wait_time" : 15"ping_wait_time" : 5"hubs": {        "hubmac": {            "ip": "192.168.2.76",            "port": 4444        }        "hubwin10": {            "ip": "192.168.2.77",            "port": 4444        }        "hubwin7": {            "ip": "192.168.2.45",            "port": 4444        }    }"jms_cfg": {        "mercuryapp": {            "dev": {                "host": "abc_dev1",                "port": 1234,                "transport": 1,                "queue_manager": "QM_MYQMD1",                "channel": "QM_MYQMD1.QCMYQC1"            		}             "pac": {                "host": "abc_dev1",                "port": 1234,                "transport": 1,                "queue_manager": "QM_MYQMD1",                "channel": "QM_MYQMD1.QCMYQC1"            		}                 		}                 		        "fbapp": {            "dev": {                "host": "abc_dev1",                "port": 1234,                "transport": 1,                "queue_manager": "QM_MYQMD1",                "channel": "QM_MYQMD1.QCMYQC1"            		}             "pac": {                "host": "abc_dev1",                "port": 1234,                "transport": 1,                "queue_manager": "QM_MYQMD1",                "channel": "QM_MYQMD1.QCMYQC1"            		}                 		}            		}
22:18:00.514 (RAP.java:296) > Merging :/cfg/env/local/env.cfg
309 [Test worker] DEBUG com.acc.test.rap.RAP  - > Merging :/cfg/env/local/env.cfg
Slurpit:"use_browser":"chrome""use_hub":"""application_url" : "http://newtours.demoaut.com""username"			:	"mytestuser""password"			:   "Myautomation_2017" "Createreservation": {                "Default": {                    "origin": "IAD",                    "destination": "DXB",                    "passengers": "4",                                 }                "farhan": {                "DOB" : "02232003",                "age" : "14"                }                "sana": {                "DOB" : "06012006",                "age" : "10"                }                         }         "jms_cfg": {        "mercuryapp": {            "devjms": {                "host": "abc_dev1",                "port": 1234,                "transport": 1,                "queue_manager": "QM_MYQMD1",                "channel": "QM_MYQMD1.QCMYQC1"            		}             "pacjms": {                "host": "abc_dev1",                "port": 1234,                "transport": 1,                "queue_manager": "QM_MYQMD1",                "channel": "QM_MYQMD1.QCMYQC1"            		}                 		}                 		        "fbapp": {            "dev": {                "host": "abc_dev1",                "port": 1234,                "transport": 1,                "queue_manager": "QM_MYQMD1",                "channel": "QM_MYQMD1.QCMYQC1"            		}             "pac": {                "host": "abc_dev1",                "port": 1234,                "transport": 1,                "queue_manager": "QM_MYQMD1",                "channel": "QM_MYQMD1.QCMYQC1"            		}                 		}            		}            		"db_desc" : {  "win"  :  {  				"mercurydb2" : { "user" : "kmohd", "pass" : "abcd123456",   				"driver" : "com.ibm.db2.jcc.DB2Driver", "url" : "jdbc:db2//tomahawk.can.fds.qualityinfosys.com:30000/mcwdb1"}  				"mercuryorcl" : { "user" : "kmohd", "pass" : "abcd123456",   				"driver" : "oracle.jdbc.driver.OracleDriver", "url" : "jdbc:oracle:thin@tomahawk.can.fds.qualityinfosys.com:1521/orcldb1"}            }  "unix"  :  {  				"mercurydb2" : { "dbtype" :"db2", "user" : "kmohd", "pass" : "abcd123456",   				"driver" : "com.ibm.db2.jcc.DB2Driver", "url" : "jdbc:db2//tomahawk.can.fds.qualityinfosys.com:30000/mcwdb1"}  				"mercuryorcl" : { "user" : "kmohd", "pass" : "abcd123456",   				"driver" : "oracle.jdbc.driver.OracleDriver", "url" : "jdbc:oracle:thin@tomahawk.can.fds.qualityinfosys.com:1521/orcldb1"}            }}
22:18:00.519 (RAP.java:296) > Merging :/cfg/app/app.cfg
314 [Test worker] DEBUG com.acc.test.rap.RAP  - > Merging :/cfg/app/app.cfg
Slurpit:"use_browser":"chrome""use_hub":"""application_url" : "http://newtours.demoaut.com""username"			:	"mytestuser""password"			:   "Myautomation_2017" "Createreservation": {                "Default": {                    "origin": "IAD",                    "destination": "DXB",                    "passengers": "4",                                 }                "farhan": {                "DOB" : "02232003",                "age" : "14"                }                "sana": {                "DOB" : "06012006",                "age" : "10"                }                         }         "jms_cfg": {        "mercuryapp": {            "devjms": {                "host": "abc_dev1",                "port": 1234,                "transport": 1,                "queue_manager": "QM_MYQMD1",                "channel": "QM_MYQMD1.QCMYQC1"            		}             "pacjms": {                "host": "abc_dev1",                "port": 1234,                "transport": 1,                "queue_manager": "QM_MYQMD1",                "channel": "QM_MYQMD1.QCMYQC1"            		}                 		}                 		        "fbapp": {            "dev": {                "host": "abc_dev1",                "port": 1234,                "transport": 1,                "queue_manager": "QM_MYQMD1",                "channel": "QM_MYQMD1.QCMYQC1"            		}             "pac": {                "host": "abc_dev1",                "port": 1234,                "transport": 1,                "queue_manager": "QM_MYQMD1",                "channel": "QM_MYQMD1.QCMYQC1"            		}                 		}            		}            		"db_desc" : {  "win"  :  {  				"mercurydb2" : { "user" : "kmohd", "pass" : "abcd123456",   				"driver" : "com.ibm.db2.jcc.DB2Driver", "url" : "jdbc:db2//tomahawk.can.fds.qualityinfosys.com:30000/mcwdb1"}  				"mercuryorcl" : { "user" : "kmohd", "pass" : "abcd123456",   				"driver" : "oracle.jdbc.driver.OracleDriver", "url" : "jdbc:oracle:thin@tomahawk.can.fds.qualityinfosys.com:1521/orcldb1"}            }  "unix"  :  {  				"mercurydb2" : { "dbtype" :"db2", "user" : "kmohd", "pass" : "abcd123456",   				"driver" : "com.ibm.db2.jcc.DB2Driver", "url" : "jdbc:db2//tomahawk.can.fds.qualityinfosys.com:30000/mcwdb1"}  				"mercuryorcl" : { "user" : "kmohd", "pass" : "abcd123456",   				"driver" : "oracle.jdbc.driver.OracleDriver", "url" : "jdbc:oracle:thin@tomahawk.can.fds.qualityinfosys.com:1521/orcldb1"}            }}
22:18:00.528 (RAP.java:312)  > no meta configs selected.
323 [Test worker] DEBUG com.acc.test.rap.RAP  -  > no meta configs selected.
22:18:00.533 (RAP.java:267)  > Will try to reconfigure with : /cfg/env/local/log4j.properties
328 [Test worker] DEBUG com.acc.test.rap.RAP  -  > Will try to reconfigure with : /cfg/env/local/log4j.properties
22:18:00.540 (RAP.java:277) * No log4j configuration specified !!!
22:18:00.546 (RAP.java:111) > Preconfigure logging ; /cfg/rap/log4j.properties ...
341 [Test worker] DEBUG com.acc.test.rap.RAP  - > Preconfigure logging ; /cfg/rap/log4j.properties ...
22:18:00.550 (RAP.java:116) Oct 12, 2017 10:18:00 PM
345 [Test worker] INFO com.acc.test.rap.RAP  - Oct 12, 2017 10:18:00 PM
22:18:00.550 (RAP.java:117) > init .....
345 [Test worker] DEBUG com.acc.test.rap.RAP  - > init .....
22:18:00.550 (RAP.java:120) >Parsing arguments ...
345 [Test worker] DEBUG com.acc.test.rap.RAP  - >Parsing arguments ...
22:18:00.551 (ArgParser.java:43) Parse arguments
346 [Test worker] DEBUG com.acc.test.rap.ArgParser  - Parse arguments
22:18:00.552 (ArgParser.java:48) Extract arguments
347 [Test worker] DEBUG com.acc.test.rap.ArgParser  - Extract arguments
22:18:00.552 (RAP.java:123) args are grabbed from environment
347 [Test worker] DEBUG com.acc.test.rap.RAP  - args are grabbed from environment
22:18:00.552 (RAP.java:324) >Setup ......
347 [Test worker] DEBUG com.acc.test.rap.RAP  - >Setup ......
22:18:00.553 (RAP.java:142) mergorder[env, app]
348 [Test worker] DEBUG com.acc.test.rap.RAP  - mergorder[env, app]
22:18:00.553 (RAP.java:153)  Selected enviornment: local
348 [Test worker] INFO com.acc.test.rap.RAP  -  Selected enviornment: local
22:18:00.554 (RAP.java:162)    working  root dir: /Users/karimuddinmohammed/myautomationws/mygrdaleframework
349 [Test worker] INFO com.acc.test.rap.RAP  -    working  root dir: /Users/karimuddinmohammed/myautomationws/mygrdaleframework
22:18:00.554 (RAP.java:296) > Merging :/cfg/rap/default.cfg
349 [Test worker] DEBUG com.acc.test.rap.RAP  - > Merging :/cfg/rap/default.cfg
Slurpit:"cfg_dir"		: "/cfg""env_dir"		: "${cfg_dir}/env""app_dir"		: "${cfg_dir}/app""meta_dir"		: "${cfg_dir}/meta""env_cfg"		: "${env_dir}/${env}/env.cfg""app_cfg"		: "${app_dir}/app.cfg""log4j_fname"	: "log4j.properties""log4j_cfg"		: "${env_dir}/${env}/${log4j_fname}""target_dir"	: "/target""data_dir"		: "/data""inbound_dir"	: "${target_dir}/inbound""outbound_dir"	: "${target_dir}/outbound""log_dir"		: "${target_dir}/log""screenshot_dir": "${target_dir}/surefire-reports/""use_browser": "chrome"            "use_hub":"""hub_wait_time" : 15"ping_wait_time" : 5"hubs": {        "hubmac": {            "ip": "192.168.2.76",            "port": 4444        }        "hubwin10": {            "ip": "192.168.2.77",            "port": 4444        }        "hubwin7": {            "ip": "192.168.2.45",            "port": 4444        }    }"jms_cfg": {        "mercuryapp": {            "dev": {                "host": "abc_dev1",                "port": 1234,                "transport": 1,                "queue_manager": "QM_MYQMD1",                "channel": "QM_MYQMD1.QCMYQC1"            		}             "pac": {                "host": "abc_dev1",                "port": 1234,                "transport": 1,                "queue_manager": "QM_MYQMD1",                "channel": "QM_MYQMD1.QCMYQC1"            		}                 		}                 		        "fbapp": {            "dev": {                "host": "abc_dev1",                "port": 1234,                "transport": 1,                "queue_manager": "QM_MYQMD1",                "channel": "QM_MYQMD1.QCMYQC1"            		}             "pac": {                "host": "abc_dev1",                "port": 1234,                "transport": 1,                "queue_manager": "QM_MYQMD1",                "channel": "QM_MYQMD1.QCMYQC1"            		}                 		}            		}
22:18:00.558 (RAP.java:296) > Merging :/cfg/env/local/env.cfg
353 [Test worker] DEBUG com.acc.test.rap.RAP  - > Merging :/cfg/env/local/env.cfg
Slurpit:"use_browser":"chrome""use_hub":"""application_url" : "http://newtours.demoaut.com""username"			:	"mytestuser""password"			:   "Myautomation_2017" "Createreservation": {                "Default": {                    "origin": "IAD",                    "destination": "DXB",                    "passengers": "4",                                 }                "farhan": {                "DOB" : "02232003",                "age" : "14"                }                "sana": {                "DOB" : "06012006",                "age" : "10"                }                         }         "jms_cfg": {        "mercuryapp": {            "devjms": {                "host": "abc_dev1",                "port": 1234,                "transport": 1,                "queue_manager": "QM_MYQMD1",                "channel": "QM_MYQMD1.QCMYQC1"            		}             "pacjms": {                "host": "abc_dev1",                "port": 1234,                "transport": 1,                "queue_manager": "QM_MYQMD1",                "channel": "QM_MYQMD1.QCMYQC1"            		}                 		}                 		        "fbapp": {            "dev": {                "host": "abc_dev1",                "port": 1234,                "transport": 1,                "queue_manager": "QM_MYQMD1",                "channel": "QM_MYQMD1.QCMYQC1"            		}             "pac": {                "host": "abc_dev1",                "port": 1234,                "transport": 1,                "queue_manager": "QM_MYQMD1",                "channel": "QM_MYQMD1.QCMYQC1"            		}                 		}            		}            		"db_desc" : {  "win"  :  {  				"mercurydb2" : { "user" : "kmohd", "pass" : "abcd123456",   				"driver" : "com.ibm.db2.jcc.DB2Driver", "url" : "jdbc:db2//tomahawk.can.fds.qualityinfosys.com:30000/mcwdb1"}  				"mercuryorcl" : { "user" : "kmohd", "pass" : "abcd123456",   				"driver" : "oracle.jdbc.driver.OracleDriver", "url" : "jdbc:oracle:thin@tomahawk.can.fds.qualityinfosys.com:1521/orcldb1"}            }  "unix"  :  {  				"mercurydb2" : { "dbtype" :"db2", "user" : "kmohd", "pass" : "abcd123456",   				"driver" : "com.ibm.db2.jcc.DB2Driver", "url" : "jdbc:db2//tomahawk.can.fds.qualityinfosys.com:30000/mcwdb1"}  				"mercuryorcl" : { "user" : "kmohd", "pass" : "abcd123456",   				"driver" : "oracle.jdbc.driver.OracleDriver", "url" : "jdbc:oracle:thin@tomahawk.can.fds.qualityinfosys.com:1521/orcldb1"}            }}
22:18:00.560 (RAP.java:296) > Merging :/cfg/app/app.cfg
355 [Test worker] DEBUG com.acc.test.rap.RAP  - > Merging :/cfg/app/app.cfg
Slurpit:"use_browser":"chrome""use_hub":"""application_url" : "http://newtours.demoaut.com""username"			:	"mytestuser""password"			:   "Myautomation_2017" "Createreservation": {                "Default": {                    "origin": "IAD",                    "destination": "DXB",                    "passengers": "4",                                 }                "farhan": {                "DOB" : "02232003",                "age" : "14"                }                "sana": {                "DOB" : "06012006",                "age" : "10"                }                         }         "jms_cfg": {        "mercuryapp": {            "devjms": {                "host": "abc_dev1",                "port": 1234,                "transport": 1,                "queue_manager": "QM_MYQMD1",                "channel": "QM_MYQMD1.QCMYQC1"            		}             "pacjms": {                "host": "abc_dev1",                "port": 1234,                "transport": 1,                "queue_manager": "QM_MYQMD1",                "channel": "QM_MYQMD1.QCMYQC1"            		}                 		}                 		        "fbapp": {            "dev": {                "host": "abc_dev1",                "port": 1234,                "transport": 1,                "queue_manager": "QM_MYQMD1",                "channel": "QM_MYQMD1.QCMYQC1"            		}             "pac": {                "host": "abc_dev1",                "port": 1234,                "transport": 1,                "queue_manager": "QM_MYQMD1",                "channel": "QM_MYQMD1.QCMYQC1"            		}                 		}            		}            		"db_desc" : {  "win"  :  {  				"mercurydb2" : { "user" : "kmohd", "pass" : "abcd123456",   				"driver" : "com.ibm.db2.jcc.DB2Driver", "url" : "jdbc:db2//tomahawk.can.fds.qualityinfosys.com:30000/mcwdb1"}  				"mercuryorcl" : { "user" : "kmohd", "pass" : "abcd123456",   				"driver" : "oracle.jdbc.driver.OracleDriver", "url" : "jdbc:oracle:thin@tomahawk.can.fds.qualityinfosys.com:1521/orcldb1"}            }  "unix"  :  {  				"mercurydb2" : { "dbtype" :"db2", "user" : "kmohd", "pass" : "abcd123456",   				"driver" : "com.ibm.db2.jcc.DB2Driver", "url" : "jdbc:db2//tomahawk.can.fds.qualityinfosys.com:30000/mcwdb1"}  				"mercuryorcl" : { "user" : "kmohd", "pass" : "abcd123456",   				"driver" : "oracle.jdbc.driver.OracleDriver", "url" : "jdbc:oracle:thin@tomahawk.can.fds.qualityinfosys.com:1521/orcldb1"}            }}
22:18:00.563 (RAP.java:312)  > no meta configs selected.
358 [Test worker] DEBUG com.acc.test.rap.RAP  -  > no meta configs selected.
22:18:00.563 (RAP.java:267)  > Will try to reconfigure with : /cfg/env/local/log4j.properties
358 [Test worker] DEBUG com.acc.test.rap.RAP  -  > Will try to reconfigure with : /cfg/env/local/log4j.properties
22:18:00.567 (RAP.java:277) * No log4j configuration specified !!!
]]></system-out>
  <system-err><![CDATA[]]></system-err>
</testsuite>
