<?xml version="1.0" encoding="UTF-8"?>
<testsuite name="LibraryTest" tests="3" skipped="0" failures="0" errors="0" timestamp="2017-10-12T00:46:10" hostname="Karimuddins-MacBook-Air.local" time="0.002">
  <properties/>
  <testcase name="aTest" classname="LibraryTest" time="0.001"/>
  <testcase name="bTest" classname="LibraryTest" time="0.0"/>
  <testcase name="fTest" classname="LibraryTest" time="0.0"/>
  <system-out><![CDATA[]]></system-out>
  <system-err><![CDATA[]]></system-err>
</testsuite>
